listening on port 3000
main view called
admin get called
main view called
admin get called
register post called
register post called
register post called
register post called
main view called
admin get called
main view called
main view called
main view called
register post called
register post called
register post called
register post called
main view called
main view called
admin get called
main view called
register post called
admin get called
admin get called
main view called
register post called
register post called
register post called
register post called
main view called
admin get called
main view called
admin get called
main view called
main view called
main view called
register post called
main view called
register post called
main view called
main view called
main view called
register post called
main view called
register post called
register post called
register post called
main view called
register post called
main view called
admin get called
main view called
register post called
main view called
register post called
admin get called
main view called
register post called
register post called
register post called
main view called
register post called
      1 [sig] nohup 2652! sigpacket::process: Suppressing signal 18 to win32 process (pid 12512)
2481758 [sig] nohup 2652! sigpacket::process: Suppressing signal 18 to win32 process (pid 12512)
4285378 [sig] nohup 2652! sigpacket::process: Suppressing signal 18 to win32 process (pid 12512)
6245284 [sig] nohup 2652! sigpacket::process: Suppressing signal 18 to win32 process (pid 12512)
14408130 [sig] nohup 2652! sigpacket::process: Suppressing signal 18 to win32 process (pid 12512)
